000 (209.000.000) 2025-01-11 10:57:14 Job submitted from host: <10.128.0.6:9618?addrs=10.128.0.6-9618&alias=condor-submit.us-central1-f.c.wqd7008-assignment.internal&noUDP&sock=schedd_511_14fc>
    DAG Node: modeling_v1:0
...
040 (209.000.000) 2025-01-11 10:57:30 Started transferring input files
	Transferring to host: <10.128.0.4:9618?addrs=10.128.0.4-9618&alias=condor-executor-01.us-central1-b.c.wqd7008-assignment.internal&noUDP&sock=slot1_1_1126_1e67_3>
...
040 (209.000.000) 2025-01-11 10:57:30 Finished transferring input files
...
001 (209.000.000) 2025-01-11 10:57:31 Job executing on host: <10.128.0.4:9618?addrs=10.128.0.4-9618&alias=condor-executor-01.us-central1-b.c.wqd7008-assignment.internal&noUDP&sock=startd_1042_4dc6>
	SlotName: slot1_1@condor-executor-01.us-central1-b.c.wqd7008-assignment.internal
	CondorScratchDir = "/var/lib/condor/execute/dir_1367"
	Cpus = 1
	Disk = 132096
	GPUs = 0
	Memory = 256
...
006 (209.000.000) 2025-01-11 10:57:36 Image size of job updated: 79204
	78  -  MemoryUsage of job (MB)
	79204  -  ResidentSetSize of job (KB)
...
040 (209.000.000) 2025-01-11 10:57:36 Started transferring output files
...
040 (209.000.000) 2025-01-11 10:57:36 Finished transferring output files
...
005 (209.000.000) 2025-01-11 10:57:36 Job terminated.
	(1) Normal termination (return value 0)
		Usr 0 00:00:01, Sys 0 00:00:00  -  Run Remote Usage
		Usr 0 00:00:00, Sys 0 00:00:00  -  Run Local Usage
		Usr 0 00:00:01, Sys 0 00:00:00  -  Total Remote Usage
		Usr 0 00:00:00, Sys 0 00:00:00  -  Total Local Usage
	247  -  Run Bytes Sent By Job
	1441  -  Run Bytes Received By Job
	247  -  Total Bytes Sent By Job
	1441  -  Total Bytes Received By Job
	Partitionable Resources :    Usage  Request Allocated 
	   Cpus                 :        0        1         1 
	   Disk (KB)            :       19   131072    132096 
	   GPUs                 :                           0 
	   Memory (MB)          :       78      200       256 
	   TimeExecute (s)      :        5                    
	   TimeSlotBusy (s)     :        6                    

	Job terminated of its own accord at 2025-01-11T10:57:36Z with exit-code 0.
...
