000 (213.000.000) 2025-01-11 10:58:04 Job submitted from host: <10.128.0.6:9618?addrs=10.128.0.6-9618&alias=condor-submit.us-central1-f.c.wqd7008-assignment.internal&noUDP&sock=schedd_511_14fc>
    DAG Node: loan_prediction:0
...
040 (213.000.000) 2025-01-11 10:58:04 Started transferring input files
	Transferring to host: <10.128.0.5:9618?addrs=10.128.0.5-9618&alias=condor-executor-02.us-central1-b.c.wqd7008-assignment.internal&noUDP&sock=slot1_2_1030_7a63_8>
...
040 (213.000.000) 2025-01-11 10:58:04 Finished transferring input files
...
001 (213.000.000) 2025-01-11 10:58:05 Job executing on host: <10.128.0.5:9618?addrs=10.128.0.5-9618&alias=condor-executor-02.us-central1-b.c.wqd7008-assignment.internal&noUDP&sock=startd_810_2bcd>
	SlotName: slot1_2@condor-executor-02.us-central1-b.c.wqd7008-assignment.internal
	CondorScratchDir = "/var/lib/condor/execute/dir_1745"
	Cpus = 1
	Disk = 132096
	GPUs = 0
	Memory = 256
...
006 (213.000.000) 2025-01-11 10:58:07 Image size of job updated: 56
	1  -  MemoryUsage of job (MB)
	56  -  ResidentSetSize of job (KB)
...
040 (213.000.000) 2025-01-11 10:58:07 Started transferring output files
...
040 (213.000.000) 2025-01-11 10:58:07 Finished transferring output files
...
005 (213.000.000) 2025-01-11 10:58:07 Job terminated.
	(1) Normal termination (return value 0)
		Usr 0 00:00:01, Sys 0 00:00:00  -  Run Remote Usage
		Usr 0 00:00:00, Sys 0 00:00:00  -  Run Local Usage
		Usr 0 00:00:01, Sys 0 00:00:00  -  Total Remote Usage
		Usr 0 00:00:00, Sys 0 00:00:00  -  Total Local Usage
	265  -  Run Bytes Sent By Job
	1023  -  Run Bytes Received By Job
	265  -  Total Bytes Sent By Job
	1023  -  Total Bytes Received By Job
	Partitionable Resources :    Usage  Request Allocated 
	   Cpus                 :        0        1         1 
	   Disk (KB)            :       19   131072    132096 
	   GPUs                 :                           0 
	   Memory (MB)          :        1      128       256 
	   TimeExecute (s)      :        2                    
	   TimeSlotBusy (s)     :        3                    

	Job terminated of its own accord at 2025-01-11T10:58:07Z with exit-code 0.
...
