000 (208.000.000) 2025-01-11 10:57:14 Job submitted from host: <10.128.0.6:9618?addrs=10.128.0.6-9618&alias=condor-submit.us-central1-f.c.wqd7008-assignment.internal&noUDP&sock=schedd_511_14fc>
    DAG Node: modeling_v2:0
...
040 (208.000.000) 2025-01-11 10:57:30 Started transferring input files
	Transferring to host: <10.128.0.5:9618?addrs=10.128.0.5-9618&alias=condor-executor-02.us-central1-b.c.wqd7008-assignment.internal&noUDP&sock=slot1_2_1030_7a63_5>
...
040 (208.000.000) 2025-01-11 10:57:30 Finished transferring input files
...
001 (208.000.000) 2025-01-11 10:57:31 Job executing on host: <10.128.0.5:9618?addrs=10.128.0.5-9618&alias=condor-executor-02.us-central1-b.c.wqd7008-assignment.internal&noUDP&sock=startd_810_2bcd>
	SlotName: slot1_2@condor-executor-02.us-central1-b.c.wqd7008-assignment.internal
	CondorScratchDir = "/var/lib/condor/execute/dir_1731"
	Cpus = 1
	Disk = 132096
	GPUs = 0
	Memory = 256
...
006 (208.000.000) 2025-01-11 10:57:35 Image size of job updated: 18152
	18  -  MemoryUsage of job (MB)
	18152  -  ResidentSetSize of job (KB)
...
040 (208.000.000) 2025-01-11 10:57:35 Started transferring output files
...
040 (208.000.000) 2025-01-11 10:57:35 Finished transferring output files
...
005 (208.000.000) 2025-01-11 10:57:35 Job terminated.
	(1) Normal termination (return value 0)
		Usr 0 00:00:02, Sys 0 00:00:00  -  Run Remote Usage
		Usr 0 00:00:00, Sys 0 00:00:00  -  Run Local Usage
		Usr 0 00:00:02, Sys 0 00:00:00  -  Total Remote Usage
		Usr 0 00:00:00, Sys 0 00:00:00  -  Total Local Usage
	222  -  Run Bytes Sent By Job
	1345  -  Run Bytes Received By Job
	222  -  Total Bytes Sent By Job
	1345  -  Total Bytes Received By Job
	Partitionable Resources :    Usage  Request Allocated 
	   Cpus                 :        0        1         1 
	   Disk (KB)            :       19   131072    132096 
	   GPUs                 :                           0 
	   Memory (MB)          :       18      200       256 
	   TimeExecute (s)      :        4                    
	   TimeSlotBusy (s)     :        5                    

	Job terminated of its own accord at 2025-01-11T10:57:35Z with exit-code 0.
...
